[debug] [2024-04-19T05:09:33.822Z] ----------------------------------------------------------------------
[debug] [2024-04-19T05:09:33.826Z] Command:       C:\Program Files\nodejs\node.exe C:\Users\Administrator\AppData\Roaming\npm\node_modules\firebase-tools\lib\bin\firebase.js init
[debug] [2024-04-19T05:09:33.827Z] CLI Version:   13.7.3
[debug] [2024-04-19T05:09:33.827Z] Platform:      win32
[debug] [2024-04-19T05:09:33.827Z] Node Version:  v20.12.2
[debug] [2024-04-19T05:09:33.827Z] Time:          Fri Apr 19 2024 08:09:33 GMT+0300 (East Africa Time)
[debug] [2024-04-19T05:09:33.827Z] ----------------------------------------------------------------------
[debug] 
[debug] [2024-04-19T05:09:33.944Z] > command requires scopes: ["email","openid","https://www.googleapis.com/auth/cloudplatformprojects.readonly","https://www.googleapis.com/auth/firebase","https://www.googleapis.com/auth/cloud-platform"]
[debug] [2024-04-19T05:09:33.945Z] > authorizing via signed-in user (edcraftservices6@gmail.com)
[info] 
     ######## #### ########  ######## ########     ###     ######  ########
     ##        ##  ##     ## ##       ##     ##  ##   ##  ##       ##
     ######    ##  ########  ######   ########  #########  ######  ######
     ##        ##  ##    ##  ##       ##     ## ##     ##       ## ##
     ##       #### ##     ## ######## ########  ##     ##  ######  ########

You're about to initialize a Firebase project in this directory:

  C:\Users\Administrator

Before we get started, keep in mind:

  * You are initializing within an existing Firebase project directory

[info] 
=== Project Setup
[info] 
[info] First, let's associate this project directory with a Firebase project.
[info] You can create multiple project aliases by running firebase use --add, 
[info] but for now we'll just set up a default project.
[info] 
[debug] [2024-04-19T05:09:47.415Z] Using project from CLI flag: edcraft6-project
[debug] [2024-04-19T05:09:47.421Z] >>> [apiv2][query] GET https://firebase.googleapis.com/v1beta1/projects/edcraft6-project [none]
[debug] [2024-04-19T05:09:48.246Z] <<< [apiv2][status] GET https://firebase.googleapis.com/v1beta1/projects/edcraft6-project 200
[debug] [2024-04-19T05:09:48.247Z] <<< [apiv2][body] GET https://firebase.googleapis.com/v1beta1/projects/edcraft6-project {"projectId":"edcraft6-project","projectNumber":"99978816778","displayName":"edcraft","name":"projects/edcraft6-project","resources":{"hostingSite":"edcraft6-project"},"state":"ACTIVE","etag":"1_4416484f-5c26-4a18-becf-cc5c36b79628"}
[info] i  Using project edcraft6-project (edcraft) 
[info] 
=== Hosting Setup
[debug] [2024-04-19T05:09:48.276Z] >>> [apiv2][query] GET https://firebase.googleapis.com/v1beta1/projects/edcraft6-project [none]
[debug] [2024-04-19T05:09:48.647Z] <<< [apiv2][status] GET https://firebase.googleapis.com/v1beta1/projects/edcraft6-project 200
[debug] [2024-04-19T05:09:48.648Z] <<< [apiv2][body] GET https://firebase.googleapis.com/v1beta1/projects/edcraft6-project {"projectId":"edcraft6-project","projectNumber":"99978816778","displayName":"edcraft","name":"projects/edcraft6-project","resources":{"hostingSite":"edcraft6-project"},"state":"ACTIVE","etag":"1_4416484f-5c26-4a18-becf-cc5c36b79628"}
[info] 
[info] Your public directory is the folder (relative to your project directory) that
[info] will contain Hosting assets to be uploaded with firebase deploy. If you
[info] have a build process for your assets, use your build's output directory.
[info] 
[info] +  Wrote public/404.html 
[debug] [2024-04-19T05:10:09.287Z] >>> [apiv2][query] GET https://www.gstatic.com/firebasejs/releases.json [none]
[debug] [2024-04-19T05:10:09.768Z] <<< [apiv2][status] GET https://www.gstatic.com/firebasejs/releases.json 200
[debug] [2024-04-19T05:10:09.769Z] <<< [apiv2][body] GET https://www.gstatic.com/firebasejs/releases.json {"current":{"version":"10.11.0","browserURL":"https://www.gstatic.com/firebasejs/10.11.0/firebase.js","packageURL":"https://www.gstatic.com/firebasejs/10.11.0/firebase.tgz"},"live":{"version":"10.11","browserURL":"https://www.gstatic.com/firebasejs/live/10.11/firebase.js","packageURL":"https://www.gstatic.com/firebasejs/live/10.11/firebase.tgz"},"components":{"analytics":"https://www.gstatic.com/firebasejs/10.11.0/firebase-analytics.js","app":"https://www.gstatic.com/firebasejs/10.11.0/firebase-app.js","app-check":"https://www.gstatic.com/firebasejs/10.11.0/firebase-app-check.js","auth":"https://www.gstatic.com/firebasejs/10.11.0/firebase-auth.js","auth/cordova":"https://www.gstatic.com/firebasejs/10.11.0/firebase-auth/cordova.js","auth/web-extension":"https://www.gstatic.com/firebasejs/10.11.0/firebase-auth/web-extension.js","functions":"https://www.gstatic.com/firebasejs/10.11.0/firebase-functions.js","firestore":"https://www.gstatic.com/firebasejs/10.11.0/firebase-firestore.js","firestore/lite":"https://www.gstatic.com/firebasejs/10.11.0/firebase-firestore/lite.js","installations":"https://www.gstatic.com/firebasejs/10.11.0/firebase-installations.js","storage":"https://www.gstatic.com/firebasejs/10.11.0/firebase-storage.js","performance":"https://www.gstatic.com/firebasejs/10.11.0/firebase-performance.js","remote-config":"https://www.gstatic.com/firebasejs/10.11.0/firebase-remote-config.js","messaging":"https://www.gstatic.com/firebasejs/10.11.0/firebase-messaging.js","messaging/sw":"https://www.gstatic.com/firebasejs/10.11.0/firebase-messaging/sw.js","database":"https://www.gstatic.com/firebasejs/10.11.0/firebase-database.js","firestore.memory":"https://www.gstatic.com/firebasejs/10.11.0/firebase-firestore.memory.js"}}
[info] +  Wrote public/index.html 
[info] 
[info] i  Didn't detect a .git folder. Assuming C:\Users\Administrator\Documents\EDCRAFT DOCUMENTS\tech\codes\test4\saas-landing-page-main is the project root. 
[info] i  Authorizing with GitHub to upload your service account to a GitHub repository's secrets store. 
[info] 
[info] Visit this URL on this device to log in:
[info] https://github.com/login/oauth/authorize?client_id=89cf50f02ac6aaed3484&state=107232849&redirect_uri=http%3A%2F%2Flocalhost%3A9005&scope=read%3Auser%20repo%20public_repo
[info] 
[info] Waiting for authentication...
[debug] [2024-04-19T05:10:26.460Z] >>> [apiv2][query] POST https://github.com/login/oauth/access_token [none]
[debug] [2024-04-19T05:10:26.461Z] >>> [apiv2][body] POST https://github.com/login/oauth/access_token [stream]
[debug] [2024-04-19T05:10:27.096Z] <<< [apiv2][status] POST https://github.com/login/oauth/access_token 200
[debug] [2024-04-19T05:10:27.096Z] <<< [apiv2][body] POST https://github.com/login/oauth/access_token {"access_token":"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","token_type":"bearer","scope":"read:user,repo"}
[debug] [2024-04-19T05:10:27.106Z] >>> [apiv2][query] GET https://api.github.com/user [none]
[debug] [2024-04-19T05:10:28.035Z] <<< [apiv2][status] GET https://api.github.com/user 200
[debug] [2024-04-19T05:10:28.035Z] <<< [apiv2][body] GET https://api.github.com/user {"login":"eliphaz-ochieng","id":146978108,"node_id":"U_kgDOCMK1PA","avatar_url":"https://avatars.githubusercontent.com/u/146978108?v=4","gravatar_id":"","url":"https://api.github.com/users/eliphaz-ochieng","html_url":"https://github.com/eliphaz-ochieng","followers_url":"https://api.github.com/users/eliphaz-ochieng/followers","following_url":"https://api.github.com/users/eliphaz-ochieng/following{/other_user}","gists_url":"https://api.github.com/users/eliphaz-ochieng/gists{/gist_id}","starred_url":"https://api.github.com/users/eliphaz-ochieng/starred{/owner}{/repo}","subscriptions_url":"https://api.github.com/users/eliphaz-ochieng/subscriptions","organizations_url":"https://api.github.com/users/eliphaz-ochieng/orgs","repos_url":"https://api.github.com/users/eliphaz-ochieng/repos","events_url":"https://api.github.com/users/eliphaz-ochieng/events{/privacy}","received_events_url":"https://api.github.com/users/eliphaz-ochieng/received_events","type":"User","site_admin":false,"name":"Elipphaz Ochieng","company":null,"blog":"","location":null,"email":null,"hireable":null,"bio":null,"twitter_username":null,"public_repos":3,"public_gists":0,"followers":1,"following":1,"created_at":"2023-10-04T16:16:04Z","updated_at":"2024-04-17T09:31:17Z","private_gists":0,"total_private_repos":0,"owned_private_repos":0,"disk_usage":6,"collaborators":0,"two_factor_authentication":false,"plan":{"name":"free","space":976562499,"collaborators":0,"private_repos":10000}}
[info] 
[info] +  Success! Logged into GitHub as eliphaz-ochieng 
[info] 
